2010/05/15 17:13:10 [error] [php] include(CSaveRelationsBehavior.php) [<a href='function.include'>function.include</a>]: failed to open stream: No such file or directory (/Library/WebServer/Documents/Yii1-1/framework/YiiBase.php:338)
Stack trace:
#0 /Library/WebServer/Documents/Yii1-1/framework/YiiBase.php(184): import()
#1 /Library/WebServer/Documents/Yii1-1/framework/base/CComponent.php(302): createComponent()
#2 /Library/WebServer/Documents/Yii1-1/framework/base/CComponent.php(271): Library->attachBehavior()
#3 /Library/WebServer/Documents/Yii1-1/framework/db/ar/CActiveRecord.php(343): Library->attachBehaviors()
#4 /Library/WebServer/Documents/Yii1-1/framework/web/CActiveDataProvider.php(132): model()
#5 /Library/WebServer/Documents/Yii1-1/framework/web/CDataProvider.php(174): CActiveDataProvider->calculateTotalItemCount()
#6 /Library/WebServer/Documents/Yii1-1/framework/web/CActiveDataProvider.php(97): CActiveDataProvider->getTotalItemCount()
#7 /Library/WebServer/Documents/Yii1-1/framework/web/CDataProvider.php(120): CActiveDataProvider->fetchData()
#8 /Library/WebServer/Documents/Yii1-1/framework/zii/widgets/CBaseListView.php(99): CActiveDataProvider->getData()
#9 /Library/WebServer/Documents/Yii1-1/framework/zii/widgets/CListView.php(151): CListView->init()
#10 /Library/WebServer/Documents/Yii1-1/framework/web/CBaseController.php(148): CListView->init()
#11 /Library/WebServer/Documents/Yii1-1/framework/web/CBaseController.php(173): LibraryController->createWidget()
#12 /Library/WebServer/Documents/csrbdemo11/protected/views/library/index.php(17): LibraryController->widget()
#13 /Library/WebServer/Documents/Yii1-1/framework/web/CBaseController.php(119): require()
#14 /Library/WebServer/Documents/Yii1-1/framework/web/CBaseController.php(88): LibraryController->renderInternal()
#15 /Library/WebServer/Documents/Yii1-1/framework/web/CController.php(748): LibraryController->renderFile()
#16 /Library/WebServer/Documents/Yii1-1/framework/web/CController.php(687): LibraryController->renderPartial()
#17 /Library/WebServer/Documents/csrbdemo11/protected/controllers/LibraryController.php(135): LibraryController->render()
#18 /Library/WebServer/Documents/Yii1-1/framework/web/actions/CInlineAction.php(32): LibraryController->actionIndex()
#19 /Library/WebServer/Documents/Yii1-1/framework/web/CController.php(300): CInlineAction->run()
#20 /Library/WebServer/Documents/Yii1-1/framework/web/filters/CFilterChain.php(129): LibraryController->runAction()
#21 /Library/WebServer/Documents/Yii1-1/framework/web/filters/CFilter.php(41): CFilterChain->run()
#22 /Library/WebServer/Documents/Yii1-1/framework/web/CController.php(999): CAccessControlFilter->filter()
#23 /Library/WebServer/Documents/Yii1-1/framework/web/filters/CInlineFilter.php(59): LibraryController->filterAccessControl()
#24 /Library/WebServer/Documents/Yii1-1/framework/web/filters/CFilterChain.php(126): CInlineFilter->filter()
#25 /Library/WebServer/Documents/Yii1-1/framework/web/CController.php(283): CFilterChain->run()
#26 /Library/WebServer/Documents/Yii1-1/framework/web/CController.php(257): LibraryController->runActionWithFilters()
#27 /Library/WebServer/Documents/Yii1-1/framework/web/CWebApplication.php(320): LibraryController->run()
#28 /Library/WebServer/Documents/Yii1-1/framework/web/CWebApplication.php(120): CWebApplication->runController()
#29 /Library/WebServer/Documents/Yii1-1/framework/base/CApplication.php(135): CWebApplication->processRequest()
#30 /Library/WebServer/Documents/csrbdemo11/index.php(12): CWebApplication->run()
REQUEST_URI=/csrbdemo11/index.php?r=library
in /Library/WebServer/Documents/Yii1-1/framework/zii/widgets/CBaseListView.php (99)
in /Library/WebServer/Documents/Yii1-1/framework/zii/widgets/CListView.php (151)
in /Library/WebServer/Documents/csrbdemo11/protected/views/library/index.php (17)
2010/05/15 17:22:20 [error] [php] Undefined variable: model (/Library/WebServer/Documents/csrbdemo11/protected/views/library/view.php:4)
Stack trace:
#0 /Library/WebServer/Documents/Yii1-1/framework/web/CBaseController.php(88): LibraryController->renderInternal()
#1 /Library/WebServer/Documents/Yii1-1/framework/web/CController.php(748): LibraryController->renderFile()
#2 /Library/WebServer/Documents/Yii1-1/framework/web/CController.php(687): LibraryController->renderPartial()
#3 /Library/WebServer/Documents/csrbdemo11/protected/controllers/LibraryController.php(59): LibraryController->render()
#4 /Library/WebServer/Documents/Yii1-1/framework/web/actions/CInlineAction.php(32): LibraryController->actionView()
#5 /Library/WebServer/Documents/Yii1-1/framework/web/CController.php(300): CInlineAction->run()
#6 /Library/WebServer/Documents/Yii1-1/framework/web/filters/CFilterChain.php(129): LibraryController->runAction()
#7 /Library/WebServer/Documents/Yii1-1/framework/web/filters/CFilter.php(41): CFilterChain->run()
#8 /Library/WebServer/Documents/Yii1-1/framework/web/CController.php(999): CAccessControlFilter->filter()
#9 /Library/WebServer/Documents/Yii1-1/framework/web/filters/CInlineFilter.php(59): LibraryController->filterAccessControl()
#10 /Library/WebServer/Documents/Yii1-1/framework/web/filters/CFilterChain.php(126): CInlineFilter->filter()
#11 /Library/WebServer/Documents/Yii1-1/framework/web/CController.php(283): CFilterChain->run()
#12 /Library/WebServer/Documents/Yii1-1/framework/web/CController.php(257): LibraryController->runActionWithFilters()
#13 /Library/WebServer/Documents/Yii1-1/framework/web/CWebApplication.php(320): LibraryController->run()
#14 /Library/WebServer/Documents/Yii1-1/framework/web/CWebApplication.php(120): CWebApplication->runController()
#15 /Library/WebServer/Documents/Yii1-1/framework/base/CApplication.php(135): CWebApplication->processRequest()
#16 /Library/WebServer/Documents/csrbdemo11/index.php(12): CWebApplication->run()
REQUEST_URI=/csrbdemo11/index.php?r=library/view&id=1
in /Library/WebServer/Documents/csrbdemo11/protected/views/library/view.php (4)
in /Library/WebServer/Documents/csrbdemo11/protected/views/library/view.php (32)
in /Library/WebServer/Documents/csrbdemo11/protected/controllers/LibraryController.php (59)
2010/05/15 17:22:43 [error] [php] Indirect modification of overloaded property Library::$services has no effect (/Library/WebServer/Documents/csrbdemo11/protected/views/library/view.php:32)
Stack trace:
#0 /Library/WebServer/Documents/Yii1-1/framework/web/CController.php(748): LibraryController->renderFile()
#1 /Library/WebServer/Documents/Yii1-1/framework/web/CController.php(687): LibraryController->renderPartial()
#2 /Library/WebServer/Documents/csrbdemo11/protected/controllers/LibraryController.php(59): LibraryController->render()
#3 /Library/WebServer/Documents/Yii1-1/framework/web/actions/CInlineAction.php(32): LibraryController->actionView()
#4 /Library/WebServer/Documents/Yii1-1/framework/web/CController.php(300): CInlineAction->run()
#5 /Library/WebServer/Documents/Yii1-1/framework/web/filters/CFilterChain.php(129): LibraryController->runAction()
#6 /Library/WebServer/Documents/Yii1-1/framework/web/filters/CFilter.php(41): CFilterChain->run()
#7 /Library/WebServer/Documents/Yii1-1/framework/web/CController.php(999): CAccessControlFilter->filter()
#8 /Library/WebServer/Documents/Yii1-1/framework/web/filters/CInlineFilter.php(59): LibraryController->filterAccessControl()
#9 /Library/WebServer/Documents/Yii1-1/framework/web/filters/CFilterChain.php(126): CInlineFilter->filter()
#10 /Library/WebServer/Documents/Yii1-1/framework/web/CController.php(283): CFilterChain->run()
#11 /Library/WebServer/Documents/Yii1-1/framework/web/CController.php(257): LibraryController->runActionWithFilters()
#12 /Library/WebServer/Documents/Yii1-1/framework/web/CWebApplication.php(320): LibraryController->run()
#13 /Library/WebServer/Documents/Yii1-1/framework/web/CWebApplication.php(120): CWebApplication->runController()
#14 /Library/WebServer/Documents/Yii1-1/framework/base/CApplication.php(135): CWebApplication->processRequest()
#15 /Library/WebServer/Documents/csrbdemo11/index.php(12): CWebApplication->run()
REQUEST_URI=/csrbdemo11/index.php?r=library/view&id=1
in /Library/WebServer/Documents/csrbdemo11/protected/views/library/view.php (32)
in /Library/WebServer/Documents/csrbdemo11/protected/controllers/LibraryController.php (59)
in /Library/WebServer/Documents/csrbdemo11/index.php (12)
2010/05/15 17:22:55 [error] [php] Indirect modification of overloaded property Library::$services has no effect (/Library/WebServer/Documents/csrbdemo11/protected/views/library/view.php:32)
Stack trace:
#0 /Library/WebServer/Documents/Yii1-1/framework/web/CController.php(748): LibraryController->renderFile()
#1 /Library/WebServer/Documents/Yii1-1/framework/web/CController.php(687): LibraryController->renderPartial()
#2 /Library/WebServer/Documents/csrbdemo11/protected/controllers/LibraryController.php(59): LibraryController->render()
#3 /Library/WebServer/Documents/Yii1-1/framework/web/actions/CInlineAction.php(32): LibraryController->actionView()
#4 /Library/WebServer/Documents/Yii1-1/framework/web/CController.php(300): CInlineAction->run()
#5 /Library/WebServer/Documents/Yii1-1/framework/web/filters/CFilterChain.php(129): LibraryController->runAction()
#6 /Library/WebServer/Documents/Yii1-1/framework/web/filters/CFilter.php(41): CFilterChain->run()
#7 /Library/WebServer/Documents/Yii1-1/framework/web/CController.php(999): CAccessControlFilter->filter()
#8 /Library/WebServer/Documents/Yii1-1/framework/web/filters/CInlineFilter.php(59): LibraryController->filterAccessControl()
#9 /Library/WebServer/Documents/Yii1-1/framework/web/filters/CFilterChain.php(126): CInlineFilter->filter()
#10 /Library/WebServer/Documents/Yii1-1/framework/web/CController.php(283): CFilterChain->run()
#11 /Library/WebServer/Documents/Yii1-1/framework/web/CController.php(257): LibraryController->runActionWithFilters()
#12 /Library/WebServer/Documents/Yii1-1/framework/web/CWebApplication.php(320): LibraryController->run()
#13 /Library/WebServer/Documents/Yii1-1/framework/web/CWebApplication.php(120): CWebApplication->runController()
#14 /Library/WebServer/Documents/Yii1-1/framework/base/CApplication.php(135): CWebApplication->processRequest()
#15 /Library/WebServer/Documents/csrbdemo11/index.php(12): CWebApplication->run()
REQUEST_URI=/csrbdemo11/index.php?r=library/view&id=1
in /Library/WebServer/Documents/csrbdemo11/protected/views/library/view.php (32)
in /Library/WebServer/Documents/csrbdemo11/protected/controllers/LibraryController.php (59)
in /Library/WebServer/Documents/csrbdemo11/index.php (12)
2010/05/15 17:27:42 [error] [exception.CException] exception 'CException' with message 'Property "LibraryBook.book" is not defined.' in /Library/WebServer/Documents/Yii1-1/framework/base/CComponent.php:131
Stack trace:
#0 /Library/WebServer/Documents/Yii1-1/framework/db/ar/CActiveRecord.php(107): CComponent->__get('book')
#1 /Library/WebServer/Documents/csrbdemo11/protected/views/library/view.php(11): CActiveRecord->__get('book')
#2 /Library/WebServer/Documents/csrbdemo11/protected/views/library/view.php(46): displayBooks(Array)
#3 /Library/WebServer/Documents/Yii1-1/framework/web/CBaseController.php(119): require('/Library/WebSer...')
#4 /Library/WebServer/Documents/Yii1-1/framework/web/CBaseController.php(88): CBaseController->renderInternal('/Library/WebSer...', Array, true)
#5 /Library/WebServer/Documents/Yii1-1/framework/web/CController.php(748): CBaseController->renderFile('/Library/WebSer...', Array, true)
#6 /Library/WebServer/Documents/Yii1-1/framework/web/CController.php(687): CController->renderPartial('view', Array, true)
#7 /Library/WebServer/Documents/csrbdemo11/protected/controllers/LibraryController.php(59): CController->render('view', Array)
#8 /Library/WebServer/Documents/Yii1-1/framework/web/actions/CInlineAction.php(32): LibraryController->actionView()
#9 /Library/WebServer/Documents/Yii1-1/framework/web/CController.php(300): CInlineAction->run()
#10 /Library/WebServer/Documents/Yii1-1/framework/web/filters/CFilterChain.php(129): CController->runAction(Object(CInlineAction))
#11 /Library/WebServer/Documents/Yii1-1/framework/web/filters/CFilter.php(41): CFilterChain->run()
#12 /Library/WebServer/Documents/Yii1-1/framework/web/CController.php(999): CFilter->filter(Object(CFilterChain))
#13 /Library/WebServer/Documents/Yii1-1/framework/web/filters/CInlineFilter.php(59): CController->filterAccessControl(Object(CFilterChain))
#14 /Library/WebServer/Documents/Yii1-1/framework/web/filters/CFilterChain.php(126): CInlineFilter->filter(Object(CFilterChain))
#15 /Library/WebServer/Documents/Yii1-1/framework/web/CController.php(283): CFilterChain->run()
#16 /Library/WebServer/Documents/Yii1-1/framework/web/CController.php(257): CController->runActionWithFilters(Object(CInlineAction), Array)
#17 /Library/WebServer/Documents/Yii1-1/framework/web/CWebApplication.php(320): CController->run('view')
#18 /Library/WebServer/Documents/Yii1-1/framework/web/CWebApplication.php(120): CWebApplication->runController('library/view')
#19 /Library/WebServer/Documents/Yii1-1/framework/base/CApplication.php(135): CWebApplication->processRequest()
#20 /Library/WebServer/Documents/csrbdemo11/index.php(12): CApplication->run()
#21 {main} REQUEST_URI=/csrbdemo11/index.php?r=library/view&id=1
2010/05/15 17:32:24 [error] [php] Undefined variable: selected_services (/Library/WebServer/Documents/csrbdemo11/protected/views/library/_form.php:20)
Stack trace:
#0 /Library/WebServer/Documents/Yii1-1/framework/web/CController.php(748): LibraryController->renderFile()
#1 /Library/WebServer/Documents/csrbdemo11/protected/views/library/update.php(18): LibraryController->renderPartial()
#2 /Library/WebServer/Documents/Yii1-1/framework/web/CBaseController.php(119): require()
#3 /Library/WebServer/Documents/Yii1-1/framework/web/CBaseController.php(88): LibraryController->renderInternal()
#4 /Library/WebServer/Documents/Yii1-1/framework/web/CController.php(748): LibraryController->renderFile()
#5 /Library/WebServer/Documents/Yii1-1/framework/web/CController.php(687): LibraryController->renderPartial()
#6 /Library/WebServer/Documents/csrbdemo11/protected/controllers/LibraryController.php(105): LibraryController->render()
#7 /Library/WebServer/Documents/Yii1-1/framework/web/actions/CInlineAction.php(32): LibraryController->actionUpdate()
#8 /Library/WebServer/Documents/Yii1-1/framework/web/CController.php(300): CInlineAction->run()
#9 /Library/WebServer/Documents/Yii1-1/framework/web/filters/CFilterChain.php(129): LibraryController->runAction()
#10 /Library/WebServer/Documents/Yii1-1/framework/web/filters/CFilter.php(41): CFilterChain->run()
#11 /Library/WebServer/Documents/Yii1-1/framework/web/CController.php(999): CAccessControlFilter->filter()
#12 /Library/WebServer/Documents/Yii1-1/framework/web/filters/CInlineFilter.php(59): LibraryController->filterAccessControl()
#13 /Library/WebServer/Documents/Yii1-1/framework/web/filters/CFilterChain.php(126): CInlineFilter->filter()
#14 /Library/WebServer/Documents/Yii1-1/framework/web/CController.php(283): CFilterChain->run()
#15 /Library/WebServer/Documents/Yii1-1/framework/web/CController.php(257): LibraryController->runActionWithFilters()
#16 /Library/WebServer/Documents/Yii1-1/framework/web/CWebApplication.php(320): LibraryController->run()
#17 /Library/WebServer/Documents/Yii1-1/framework/web/CWebApplication.php(120): CWebApplication->runController()
#18 /Library/WebServer/Documents/Yii1-1/framework/base/CApplication.php(135): CWebApplication->processRequest()
#19 /Library/WebServer/Documents/csrbdemo11/index.php(12): CWebApplication->run()
REQUEST_URI=/csrbdemo11/index.php?r=library/update&id=1
in /Library/WebServer/Documents/csrbdemo11/protected/views/library/_form.php (20)
in /Library/WebServer/Documents/csrbdemo11/protected/views/library/update.php (18)
in /Library/WebServer/Documents/csrbdemo11/protected/controllers/LibraryController.php (105)
2010/05/15 18:13:50 [error] [php] Undefined index:  save (/Library/WebServer/Documents/csrbdemo11/protected/components/CSaveRelationsBehavior.php:194)
Stack trace:
#0 /Library/WebServer/Documents/Yii1-1/framework/db/ar/CActiveRecord.php(823): Library->onBeforeSave()
#1 /Library/WebServer/Documents/Yii1-1/framework/db/ar/CActiveRecord.php(996): Library->beforeSave()
#2 /Library/WebServer/Documents/Yii1-1/framework/db/ar/CActiveRecord.php(713): Library->update()
#3 /Library/WebServer/Documents/csrbdemo11/protected/controllers/LibraryController.php(99): Library->save()
#4 /Library/WebServer/Documents/Yii1-1/framework/web/actions/CInlineAction.php(32): LibraryController->actionUpdate()
#5 /Library/WebServer/Documents/Yii1-1/framework/web/CController.php(300): CInlineAction->run()
#6 /Library/WebServer/Documents/Yii1-1/framework/web/filters/CFilterChain.php(129): LibraryController->runAction()
#7 /Library/WebServer/Documents/Yii1-1/framework/web/filters/CFilter.php(41): CFilterChain->run()
#8 /Library/WebServer/Documents/Yii1-1/framework/web/CController.php(999): CAccessControlFilter->filter()
#9 /Library/WebServer/Documents/Yii1-1/framework/web/filters/CInlineFilter.php(59): LibraryController->filterAccessControl()
#10 /Library/WebServer/Documents/Yii1-1/framework/web/filters/CFilterChain.php(126): CInlineFilter->filter()
#11 /Library/WebServer/Documents/Yii1-1/framework/web/CController.php(283): CFilterChain->run()
#12 /Library/WebServer/Documents/Yii1-1/framework/web/CController.php(257): LibraryController->runActionWithFilters()
#13 /Library/WebServer/Documents/Yii1-1/framework/web/CWebApplication.php(320): LibraryController->run()
#14 /Library/WebServer/Documents/Yii1-1/framework/web/CWebApplication.php(120): CWebApplication->runController()
#15 /Library/WebServer/Documents/Yii1-1/framework/base/CApplication.php(135): CWebApplication->processRequest()
#16 /Library/WebServer/Documents/csrbdemo11/index.php(12): CWebApplication->run()
REQUEST_URI=/csrbdemo11/index.php?r=library/update&id=1
in /Library/WebServer/Documents/csrbdemo11/protected/components/CSaveRelationsBehavior.php (194)
in /Library/WebServer/Documents/csrbdemo11/protected/controllers/LibraryController.php (99)
in /Library/WebServer/Documents/csrbdemo11/index.php (12)
2010/05/15 18:18:54 [error] [exception.CHttpException.404] exception 'CHttpException' with message 'The system is unable to find the requested action "bookLookup".' in /Library/WebServer/Documents/Yii1-1/framework/web/CController.php:439
Stack trace:
#0 /Library/WebServer/Documents/Yii1-1/framework/web/CController.php(262): CController->missingAction('bookLookup')
#1 /Library/WebServer/Documents/Yii1-1/framework/web/CWebApplication.php(320): CController->run('bookLookup')
#2 /Library/WebServer/Documents/Yii1-1/framework/web/CWebApplication.php(120): CWebApplication->runController('book/bookLookup')
#3 /Library/WebServer/Documents/Yii1-1/framework/base/CApplication.php(135): CWebApplication->processRequest()
#4 /Library/WebServer/Documents/csrbdemo11/index.php(12): CApplication->run()
#5 {main} REQUEST_URI=/csrbdemo11/index.php?r=book/bookLookup&q=isbn+978-0446562423+&limit=10&timestamp=1273940334596
2010/05/15 18:18:55 [error] [exception.CHttpException.404] exception 'CHttpException' with message 'The system is unable to find the requested action "bookLookup".' in /Library/WebServer/Documents/Yii1-1/framework/web/CController.php:439
Stack trace:
#0 /Library/WebServer/Documents/Yii1-1/framework/web/CController.php(262): CController->missingAction('bookLookup')
#1 /Library/WebServer/Documents/Yii1-1/framework/web/CWebApplication.php(320): CController->run('bookLookup')
#2 /Library/WebServer/Documents/Yii1-1/framework/web/CWebApplication.php(120): CWebApplication->runController('book/bookLookup')
#3 /Library/WebServer/Documents/Yii1-1/framework/base/CApplication.php(135): CWebApplication->processRequest()
#4 /Library/WebServer/Documents/csrbdemo11/index.php(12): CApplication->run()
#5 {main} REQUEST_URI=/csrbdemo11/index.php?r=book/bookLookup&q=isbn+978-0446562423+&limit=10&timestamp=1273940335030
2010/05/15 18:18:58 [error] [exception.CHttpException.404] exception 'CHttpException' with message 'The system is unable to find the requested action "bookLookup".' in /Library/WebServer/Documents/Yii1-1/framework/web/CController.php:439
Stack trace:
#0 /Library/WebServer/Documents/Yii1-1/framework/web/CController.php(262): CController->missingAction('bookLookup')
#1 /Library/WebServer/Documents/Yii1-1/framework/web/CWebApplication.php(320): CController->run('bookLookup')
#2 /Library/WebServer/Documents/Yii1-1/framework/web/CWebApplication.php(120): CWebApplication->runController('book/bookLookup')
#3 /Library/WebServer/Documents/Yii1-1/framework/base/CApplication.php(135): CWebApplication->processRequest()
#4 /Library/WebServer/Documents/csrbdemo11/index.php(12): CApplication->run()
#5 {main} REQUEST_URI=/csrbdemo11/index.php?r=book/bookLookup&q=isbn+978-044656242&limit=10&timestamp=1273940338348
